<?xml version="1.0" encoding="UTF-8"?>
<!-- Generated by org.testng.reporters.JUnitXMLReporter -->
<testsuite hostname="LAPTOP-4MO39718" name="Default test" tests="3" failures="0" timestamp="2 Mar 2019 02:23:19 GMT" time="17.995" errors="0">
  <testcase name="TC_01_Exercise" time="4.233" classname="WebElements.CheckingElements"/>
  <testcase name="TC_02_Exercise" time="4.488" classname="WebElements.CheckingElements"/>
  <testcase name="TC_03_Excercise" time="5.578" classname="WebElements.CheckingElements"/>
</testsuite> <!-- Default test -->
