<?xml version="1.0" encoding="UTF-8"?>
<!-- Generated by org.testng.reporters.JUnitXMLReporter -->
<testsuite hostname="LAPTOP-4MO39718" name="Default test" tests="4" failures="0" timestamp="2 Mar 2019 07:49:51 GMT" time="16.506" errors="0">
  <testcase name="TC_01_LoginEmpty" time="1.314" classname="WebElements.WebelementExcercise"/>
  <testcase name="TC_02_LoginWithInvalidEmail" time="1.143" classname="WebElements.WebelementExcercise"/>
  <testcase name="TC_03_CreateAnAccount" time="6.916" classname="WebElements.WebelementExcercise"/>
  <testcase name="TC_04_LogInWithIncorrectPassword" time="1.153" classname="WebElements.WebelementExcercise"/>
</testsuite> <!-- Default test -->
