<?xml version="1.0" encoding="UTF-8"?>
<testng-results skipped="0" failed="0" total="3" passed="3">
  <reporter-output>
  </reporter-output>
  <suite name="Default suite" duration-ms="17995" started-at="2019-03-02T02:23:01Z" finished-at="2019-03-02T02:23:19Z">
    <groups>
    </groups>
    <test name="Default test" duration-ms="17995" started-at="2019-03-02T02:23:01Z" finished-at="2019-03-02T02:23:19Z">
      <class name="WebElements.CheckingElements">
        <test-method status="PASS" signature="beforeClass()[pri:0, instance:WebElements.CheckingElements@6574b225]" name="beforeClass" is-config="true" duration-ms="2693" started-at="2019-03-02T09:23:01Z" finished-at="2019-03-02T09:23:03Z">
          <reporter-output>
          </reporter-output>
        </test-method> <!-- beforeClass -->
        <test-method status="PASS" signature="TC_01_Exercise()[pri:0, instance:WebElements.CheckingElements@6574b225]" name="TC_01_Exercise" duration-ms="4233" started-at="2019-03-02T09:23:03Z" finished-at="2019-03-02T09:23:08Z">
          <reporter-output>
          </reporter-output>
        </test-method> <!-- TC_01_Exercise -->
        <test-method status="PASS" signature="TC_02_Exercise()[pri:0, instance:WebElements.CheckingElements@6574b225]" name="TC_02_Exercise" duration-ms="4488" started-at="2019-03-02T09:23:08Z" finished-at="2019-03-02T09:23:12Z">
          <reporter-output>
          </reporter-output>
        </test-method> <!-- TC_02_Exercise -->
        <test-method status="PASS" signature="TC_03_Excercise()[pri:0, instance:WebElements.CheckingElements@6574b225]" name="TC_03_Excercise" duration-ms="5578" started-at="2019-03-02T09:23:12Z" finished-at="2019-03-02T09:23:18Z">
          <reporter-output>
          </reporter-output>
        </test-method> <!-- TC_03_Excercise -->
        <test-method status="PASS" signature="afterClass()[pri:0, instance:WebElements.CheckingElements@6574b225]" name="afterClass" is-config="true" duration-ms="989" started-at="2019-03-02T09:23:18Z" finished-at="2019-03-02T09:23:19Z">
          <reporter-output>
          </reporter-output>
        </test-method> <!-- afterClass -->
      </class> <!-- WebElements.CheckingElements -->
    </test> <!-- Default test -->
  </suite> <!-- Default suite -->
</testng-results>
