<?xml version="1.0" encoding="UTF-8"?>
<testng-results skipped="0" failed="0" total="4" passed="4">
  <reporter-output>
  </reporter-output>
  <suite name="Default suite" duration-ms="16506" started-at="2019-03-02T07:49:35Z" finished-at="2019-03-02T07:49:51Z">
    <groups>
    </groups>
    <test name="Default test" duration-ms="16506" started-at="2019-03-02T07:49:35Z" finished-at="2019-03-02T07:49:51Z">
      <class name="WebElements.WebelementExcercise">
        <test-method status="PASS" signature="beforeClass()[pri:0, instance:WebElements.WebelementExcercise@6574b225]" name="beforeClass" is-config="true" duration-ms="5959" started-at="2019-03-02T14:49:35Z" finished-at="2019-03-02T14:49:41Z">
          <reporter-output>
          </reporter-output>
        </test-method> <!-- beforeClass -->
        <test-method status="PASS" signature="TC_01_LoginEmpty()[pri:0, instance:WebElements.WebelementExcercise@6574b225]" name="TC_01_LoginEmpty" duration-ms="1314" started-at="2019-03-02T14:49:41Z" finished-at="2019-03-02T14:49:42Z">
          <reporter-output>
          </reporter-output>
        </test-method> <!-- TC_01_LoginEmpty -->
        <test-method status="PASS" signature="TC_02_LoginWithInvalidEmail()[pri:0, instance:WebElements.WebelementExcercise@6574b225]" name="TC_02_LoginWithInvalidEmail" duration-ms="1143" started-at="2019-03-02T14:49:42Z" finished-at="2019-03-02T14:49:43Z">
          <reporter-output>
          </reporter-output>
        </test-method> <!-- TC_02_LoginWithInvalidEmail -->
        <test-method status="PASS" signature="TC_03_CreateAnAccount()[pri:0, instance:WebElements.WebelementExcercise@6574b225]" name="TC_03_CreateAnAccount" duration-ms="6916" started-at="2019-03-02T14:49:43Z" finished-at="2019-03-02T14:49:50Z">
          <reporter-output>
          </reporter-output>
        </test-method> <!-- TC_03_CreateAnAccount -->
        <test-method status="PASS" signature="TC_04_LogInWithIncorrectPassword()[pri:0, instance:WebElements.WebelementExcercise@6574b225]" name="TC_04_LogInWithIncorrectPassword" duration-ms="1153" started-at="2019-03-02T14:49:50Z" finished-at="2019-03-02T14:49:51Z">
          <reporter-output>
          </reporter-output>
        </test-method> <!-- TC_04_LogInWithIncorrectPassword -->
        <test-method status="PASS" signature="afterClass()[pri:0, instance:WebElements.WebelementExcercise@6574b225]" name="afterClass" is-config="true" duration-ms="1" started-at="2019-03-02T14:49:51Z" finished-at="2019-03-02T14:49:51Z">
          <reporter-output>
          </reporter-output>
        </test-method> <!-- afterClass -->
      </class> <!-- WebElements.WebelementExcercise -->
    </test> <!-- Default test -->
  </suite> <!-- Default suite -->
</testng-results>
